Watching for file changes with StatReloader
/Users/rodrigomontelongop/Desktop/SWE/storefront/storefront/settings.py changed, reloading.
Watching for file changes with StatReloader
/Users/rodrigomontelongop/Desktop/SWE/storefront/storefront/settings.py changed, reloading.
Watching for file changes with StatReloader
/Users/rodrigomontelongop/Desktop/SWE/storefront/playground/views.py changed, reloading.
Watching for file changes with StatReloader
/Users/rodrigomontelongop/Desktop/SWE/storefront/playground/views.py changed, reloading.
Watching for file changes with StatReloader
/Users/rodrigomontelongop/Desktop/SWE/storefront/playground/views.py changed, reloading.
Watching for file changes with StatReloader
Not Found: /playground/
Unauthorized: /playground/hello/
Unauthorized: /playground/hello/
Unauthorized: /playground/hello/
Unauthorized: /playground/hello/
Unauthorized: /playground/hello/
Internal Server Error: /playground/hello/
Traceback (most recent call last):
  File "/Users/rodrigomontelongop/.local/share/virtualenvs/storefront-EcTY6ZFX/lib/python3.13/site-packages/django/core/handlers/exception.py", line 55, in inner
    response = get_response(request)
  File "/Users/rodrigomontelongop/.local/share/virtualenvs/storefront-EcTY6ZFX/lib/python3.13/site-packages/django/core/handlers/base.py", line 197, in _get_response
    response = wrapped_callback(request, *callback_args, **callback_kwargs)
  File "/Users/rodrigomontelongop/.local/share/virtualenvs/storefront-EcTY6ZFX/lib/python3.13/site-packages/django/views/decorators/csrf.py", line 65, in _view_wrapper
    return view_func(request, *args, **kwargs)
  File "/Users/rodrigomontelongop/.local/share/virtualenvs/storefront-EcTY6ZFX/lib/python3.13/site-packages/django/views/generic/base.py", line 104, in view
    return self.dispatch(request, *args, **kwargs)
           ~~~~~~~~~~~~~^^^^^^^^^^^^^^^^^^^^^^^^^^
  File "/Users/rodrigomontelongop/.local/share/virtualenvs/storefront-EcTY6ZFX/lib/python3.13/site-packages/rest_framework/views.py", line 515, in dispatch
    response = self.handle_exception(exc)
  File "/Users/rodrigomontelongop/.local/share/virtualenvs/storefront-EcTY6ZFX/lib/python3.13/site-packages/rest_framework/views.py", line 475, in handle_exception
    self.raise_uncaught_exception(exc)
    ~~~~~~~~~~~~~~~~~~~~~~~~~~~~~^^^^^
  File "/Users/rodrigomontelongop/.local/share/virtualenvs/storefront-EcTY6ZFX/lib/python3.13/site-packages/rest_framework/views.py", line 486, in raise_uncaught_exception
    raise exc
  File "/Users/rodrigomontelongop/.local/share/virtualenvs/storefront-EcTY6ZFX/lib/python3.13/site-packages/rest_framework/views.py", line 512, in dispatch
    response = handler(request, *args, **kwargs)
  File "/Users/rodrigomontelongop/.local/share/virtualenvs/storefront-EcTY6ZFX/lib/python3.13/site-packages/django/utils/decorators.py", line 48, in _wrapper
    return bound_method(*args, **kwargs)
  File "/Users/rodrigomontelongop/.local/share/virtualenvs/storefront-EcTY6ZFX/lib/python3.13/site-packages/django/utils/decorators.py", line 192, in _view_wrapper
    result = _process_exception(request, e)
  File "/Users/rodrigomontelongop/.local/share/virtualenvs/storefront-EcTY6ZFX/lib/python3.13/site-packages/django/utils/decorators.py", line 190, in _view_wrapper
    response = view_func(request, *args, **kwargs)
  File "/Users/rodrigomontelongop/Desktop/SWE/storefront/playground/views.py", line 19, in get
    logger.info('Calling httpbin')
    ^^^^^^
NameError: name 'logger' is not defined
/Users/rodrigomontelongop/Desktop/SWE/storefront/playground/views.py changed, reloading.
Watching for file changes with StatReloader
Calling httpbin
Received response
/Users/rodrigomontelongop/Desktop/SWE/storefront/storefront/settings.py changed, reloading.
Watching for file changes with StatReloader
/Users/rodrigomontelongop/Desktop/SWE/storefront/manage.py changed, reloading.
Watching for file changes with StatReloader
Unauthorized: /playground/hello/
/Users/rodrigomontelongop/Desktop/SWE/storefront/storefront/settings/common.py changed, reloading.
Watching for file changes with StatReloader
